<?xml version="1.0" encoding="UTF-8"?>
<testsuite name="SortedArraySquaresTest" tests="6" skipped="0" failures="0" errors="0" timestamp="2025-04-03T06:41:07.461Z" hostname="Jins-MBP-13.local" time="0.012">
  <properties/>
  <testcase name="testSingleElement()" classname="SortedArraySquaresTest" time="0.002"/>
  <testcase name="testEmptyArray()" classname="SortedArraySquaresTest" time="0.0"/>
  <testcase name="testMixedLargeNumbers()" classname="SortedArraySquaresTest" time="0.001"/>
  <testcase name="testAllPositive()" classname="SortedArraySquaresTest" time="0.001"/>
  <testcase name="testMixedNumbers()" classname="SortedArraySquaresTest" time="0.001"/>
  <testcase name="testAllNegative()" classname="SortedArraySquaresTest" time="0.001"/>
  <system-out><![CDATA[]]></system-out>
  <system-err><![CDATA[]]></system-err>
</testsuite>
