<?xml version="1.0" encoding="UTF-8"?>
<testsuite name="BinarySearchSolutionTest" tests="8" skipped="0" failures="0" errors="0" timestamp="2025-04-03T06:41:07.438Z" hostname="Jins-MBP-13.local" time="0.018">
  <properties/>
  <testcase name="testSingleElement()" classname="BinarySearchSolutionTest" time="0.0"/>
  <testcase name="testEmptyArray()" classname="BinarySearchSolutionTest" time="0.001"/>
  <testcase name="testTargetNotFound()" classname="BinarySearchSolutionTest" time="0.001"/>
  <testcase name="testFirstElement()" classname="BinarySearchSolutionTest" time="0.002"/>
  <testcase name="testLastElement()" classname="BinarySearchSolutionTest" time="0.001"/>
  <testcase name="testAllNegative()" classname="BinarySearchSolutionTest" time="0.001"/>
  <testcase name="testNormalSearch()" classname="BinarySearchSolutionTest" time="0.001"/>
  <testcase name="testLargeArray()" classname="BinarySearchSolutionTest" time="0.002"/>
  <system-out><![CDATA[]]></system-out>
  <system-err><![CDATA[]]></system-err>
</testsuite>
